<?xml version="1.0" encoding="UTF-8"?>
<testsuite xmlns:xsi="http://www.w3.org/2001/XMLSchema-instance" xsi:noNamespaceSchemaLocation="https://maven.apache.org/surefire/maven-surefire-plugin/xsd/surefire-test-report.xsd" name="com.phy.AppTest" time="0.021" tests="1" errors="0" skipped="0" failures="0">
  <properties>
    <property name="sun.desktop" value="windows"/>
    <property name="awt.toolkit" value="sun.awt.windows.WToolkit"/>
    <property name="file.encoding.pkg" value="sun.io"/>
    <property name="java.specification.version" value="1.8"/>
    <property name="sun.cpu.isalist" value="amd64"/>
    <property name="sun.jnu.encoding" value="GBK"/>
    <property name="java.class.path" value="d:\work\PA\dataflow\sootlearn\target\test-classes;d:\work\PA\dataflow\sootlearn\target\classes;C:\Users\16437\.m2\repository\junit\junit\4.11\junit-4.11.jar;C:\Users\16437\.m2\repository\org\hamcrest\hamcrest-core\1.3\hamcrest-core-1.3.jar;C:\Users\16437\.m2\repository\org\soot-oss\soot\4.3.0\soot-4.3.0.jar;C:\Users\16437\.m2\repository\commons-io\commons-io\2.7\commons-io-2.7.jar;C:\Users\16437\.m2\repository\org\smali\dexlib2\2.5.2\dexlib2-2.5.2.jar;C:\Users\16437\.m2\repository\com\google\code\findbugs\jsr305\3.0.2\jsr305-3.0.2.jar;C:\Users\16437\.m2\repository\com\google\guava\guava\27.1-android\guava-27.1-android.jar;C:\Users\16437\.m2\repository\com\google\guava\failureaccess\1.0.1\failureaccess-1.0.1.jar;C:\Users\16437\.m2\repository\com\google\guava\listenablefuture\9999.0-empty-to-avoid-conflict-with-guava\listenablefuture-9999.0-empty-to-avoid-conflict-with-guava.jar;C:\Users\16437\.m2\repository\org\checkerframework\checker-compat-qual\2.5.2\checker-compat-qual-2.5.2.jar;C:\Users\16437\.m2\repository\com\google\errorprone\error_prone_annotations\2.2.0\error_prone_annotations-2.2.0.jar;C:\Users\16437\.m2\repository\com\google\j2objc\j2objc-annotations\1.1\j2objc-annotations-1.1.jar;C:\Users\16437\.m2\repository\org\codehaus\mojo\animal-sniffer-annotations\1.17\animal-sniffer-annotations-1.17.jar;C:\Users\16437\.m2\repository\org\ow2\asm\asm\9.2\asm-9.2.jar;C:\Users\16437\.m2\repository\org\ow2\asm\asm-tree\9.2\asm-tree-9.2.jar;C:\Users\16437\.m2\repository\org\ow2\asm\asm-util\9.2\asm-util-9.2.jar;C:\Users\16437\.m2\repository\org\ow2\asm\asm-analysis\9.2\asm-analysis-9.2.jar;C:\Users\16437\.m2\repository\org\ow2\asm\asm-commons\9.2\asm-commons-9.2.jar;C:\Users\16437\.m2\repository\xmlpull\xmlpull\1.1.3.4d_b4_min\xmlpull-1.1.3.4d_b4_min.jar;C:\Users\16437\.m2\repository\de\upb\cs\swt\axml\2.1.2\axml-2.1.2.jar;C:\Users\16437\.m2\repository\ca\mcgill\sable\polyglot\2006\polyglot-2006.jar;C:\Users\16437\.m2\repository\de\upb\cs\swt\heros\1.2.3\heros-1.2.3.jar;C:\Users\16437\.m2\repository\org\functionaljava\functionaljava\4.2\functionaljava-4.2.jar;C:\Users\16437\.m2\repository\ca\mcgill\sable\jasmin\3.0.3\jasmin-3.0.3.jar;C:\Users\16437\.m2\repository\ca\mcgill\sable\java_cup\0.9.2\java_cup-0.9.2.jar;C:\Users\16437\.m2\repository\org\slf4j\slf4j-api\1.7.32\slf4j-api-1.7.32.jar;C:\Users\16437\.m2\repository\javax\annotation\javax.annotation-api\1.3.2\javax.annotation-api-1.3.2.jar;C:\Users\16437\.m2\repository\javax\xml\bind\jaxb-api\2.4.0-b180725.0427\jaxb-api-2.4.0-b180725.0427.jar;C:\Users\16437\.m2\repository\javax\activation\javax.activation-api\1.2.0\javax.activation-api-1.2.0.jar;C:\Users\16437\.m2\repository\org\glassfish\jaxb\jaxb-runtime\2.4.0-b180830.0438\jaxb-runtime-2.4.0-b180830.0438.jar;C:\Users\16437\.m2\repository\org\glassfish\jaxb\txw2\2.4.0-b180830.0438\txw2-2.4.0-b180830.0438.jar;C:\Users\16437\.m2\repository\com\sun\istack\istack-commons-runtime\3.0.7\istack-commons-runtime-3.0.7.jar;C:\Users\16437\.m2\repository\org\jvnet\staxex\stax-ex\1.8\stax-ex-1.8.jar;C:\Users\16437\.m2\repository\com\sun\xml\fastinfoset\FastInfoset\1.2.15\FastInfoset-1.2.15.jar;C:\Users\16437\.m2\repository\org\slf4j\slf4j-simple\1.7.30\slf4j-simple-1.7.30.jar;"/>
    <property name="java.vm.vendor" value="Oracle Corporation"/>
    <property name="sun.arch.data.model" value="64"/>
    <property name="user.variant" value=""/>
    <property name="java.vendor.url" value="http://java.oracle.com/"/>
    <property name="user.timezone" value="Asia/Shanghai"/>
    <property name="java.vm.specification.version" value="1.8"/>
    <property name="os.name" value="Windows 10"/>
    <property name="user.country" value="CN"/>
    <property name="sun.java.launcher" value="SUN_STANDARD"/>
    <property name="sun.boot.library.path" value="C:\Program Files\Java\jdk1.8.0_172\jre\bin"/>
    <property name="sun.java.command" value="C:\Users\16437\AppData\Local\Temp\surefire4886770509426189915\surefirebooter3161297247511505739.jar C:\Users\16437\AppData\Local\Temp\surefire4886770509426189915 2023-03-23T19-36-45_868-jvmRun1 surefire4908893723589165713tmp surefire_03897074518101990890tmp"/>
    <property name="surefire.test.class.path" value="d:\work\PA\dataflow\sootlearn\target\test-classes;d:\work\PA\dataflow\sootlearn\target\classes;C:\Users\16437\.m2\repository\junit\junit\4.11\junit-4.11.jar;C:\Users\16437\.m2\repository\org\hamcrest\hamcrest-core\1.3\hamcrest-core-1.3.jar;C:\Users\16437\.m2\repository\org\soot-oss\soot\4.3.0\soot-4.3.0.jar;C:\Users\16437\.m2\repository\commons-io\commons-io\2.7\commons-io-2.7.jar;C:\Users\16437\.m2\repository\org\smali\dexlib2\2.5.2\dexlib2-2.5.2.jar;C:\Users\16437\.m2\repository\com\google\code\findbugs\jsr305\3.0.2\jsr305-3.0.2.jar;C:\Users\16437\.m2\repository\com\google\guava\guava\27.1-android\guava-27.1-android.jar;C:\Users\16437\.m2\repository\com\google\guava\failureaccess\1.0.1\failureaccess-1.0.1.jar;C:\Users\16437\.m2\repository\com\google\guava\listenablefuture\9999.0-empty-to-avoid-conflict-with-guava\listenablefuture-9999.0-empty-to-avoid-conflict-with-guava.jar;C:\Users\16437\.m2\repository\org\checkerframework\checker-compat-qual\2.5.2\checker-compat-qual-2.5.2.jar;C:\Users\16437\.m2\repository\com\google\errorprone\error_prone_annotations\2.2.0\error_prone_annotations-2.2.0.jar;C:\Users\16437\.m2\repository\com\google\j2objc\j2objc-annotations\1.1\j2objc-annotations-1.1.jar;C:\Users\16437\.m2\repository\org\codehaus\mojo\animal-sniffer-annotations\1.17\animal-sniffer-annotations-1.17.jar;C:\Users\16437\.m2\repository\org\ow2\asm\asm\9.2\asm-9.2.jar;C:\Users\16437\.m2\repository\org\ow2\asm\asm-tree\9.2\asm-tree-9.2.jar;C:\Users\16437\.m2\repository\org\ow2\asm\asm-util\9.2\asm-util-9.2.jar;C:\Users\16437\.m2\repository\org\ow2\asm\asm-analysis\9.2\asm-analysis-9.2.jar;C:\Users\16437\.m2\repository\org\ow2\asm\asm-commons\9.2\asm-commons-9.2.jar;C:\Users\16437\.m2\repository\xmlpull\xmlpull\1.1.3.4d_b4_min\xmlpull-1.1.3.4d_b4_min.jar;C:\Users\16437\.m2\repository\de\upb\cs\swt\axml\2.1.2\axml-2.1.2.jar;C:\Users\16437\.m2\repository\ca\mcgill\sable\polyglot\2006\polyglot-2006.jar;C:\Users\16437\.m2\repository\de\upb\cs\swt\heros\1.2.3\heros-1.2.3.jar;C:\Users\16437\.m2\repository\org\functionaljava\functionaljava\4.2\functionaljava-4.2.jar;C:\Users\16437\.m2\repository\ca\mcgill\sable\jasmin\3.0.3\jasmin-3.0.3.jar;C:\Users\16437\.m2\repository\ca\mcgill\sable\java_cup\0.9.2\java_cup-0.9.2.jar;C:\Users\16437\.m2\repository\org\slf4j\slf4j-api\1.7.32\slf4j-api-1.7.32.jar;C:\Users\16437\.m2\repository\javax\annotation\javax.annotation-api\1.3.2\javax.annotation-api-1.3.2.jar;C:\Users\16437\.m2\repository\javax\xml\bind\jaxb-api\2.4.0-b180725.0427\jaxb-api-2.4.0-b180725.0427.jar;C:\Users\16437\.m2\repository\javax\activation\javax.activation-api\1.2.0\javax.activation-api-1.2.0.jar;C:\Users\16437\.m2\repository\org\glassfish\jaxb\jaxb-runtime\2.4.0-b180830.0438\jaxb-runtime-2.4.0-b180830.0438.jar;C:\Users\16437\.m2\repository\org\glassfish\jaxb\txw2\2.4.0-b180830.0438\txw2-2.4.0-b180830.0438.jar;C:\Users\16437\.m2\repository\com\sun\istack\istack-commons-runtime\3.0.7\istack-commons-runtime-3.0.7.jar;C:\Users\16437\.m2\repository\org\jvnet\staxex\stax-ex\1.8\stax-ex-1.8.jar;C:\Users\16437\.m2\repository\com\sun\xml\fastinfoset\FastInfoset\1.2.15\FastInfoset-1.2.15.jar;C:\Users\16437\.m2\repository\org\slf4j\slf4j-simple\1.7.30\slf4j-simple-1.7.30.jar;"/>
    <property name="sun.cpu.endian" value="little"/>
    <property name="user.home" value="C:\Users\16437"/>
    <property name="user.language" value="zh"/>
    <property name="java.specification.vendor" value="Oracle Corporation"/>
    <property name="java.home" value="C:\Program Files\Java\jdk1.8.0_172\jre"/>
    <property name="basedir" value="d:\work\PA\dataflow\sootlearn"/>
    <property name="file.separator" value="\"/>
    <property name="line.separator" value="&#10;"/>
    <property name="java.vm.specification.vendor" value="Oracle Corporation"/>
    <property name="java.specification.name" value="Java Platform API Specification"/>
    <property name="java.awt.graphicsenv" value="sun.awt.Win32GraphicsEnvironment"/>
    <property name="surefire.real.class.path" value="C:\Users\16437\AppData\Local\Temp\surefire4886770509426189915\surefirebooter3161297247511505739.jar"/>
    <property name="sun.boot.class.path" value="C:\Program Files\Java\jdk1.8.0_172\jre\lib\resources.jar;C:\Program Files\Java\jdk1.8.0_172\jre\lib\rt.jar;C:\Program Files\Java\jdk1.8.0_172\jre\lib\sunrsasign.jar;C:\Program Files\Java\jdk1.8.0_172\jre\lib\jsse.jar;C:\Program Files\Java\jdk1.8.0_172\jre\lib\jce.jar;C:\Program Files\Java\jdk1.8.0_172\jre\lib\charsets.jar;C:\Program Files\Java\jdk1.8.0_172\jre\lib\jfr.jar;C:\Program Files\Java\jdk1.8.0_172\jre\classes"/>
    <property name="user.script" value=""/>
    <property name="sun.management.compiler" value="HotSpot 64-Bit Tiered Compilers"/>
    <property name="java.runtime.version" value="1.8.0_172-b11"/>
    <property name="user.name" value="16437"/>
    <property name="path.separator" value=";"/>
    <property name="os.version" value="10.0"/>
    <property name="java.endorsed.dirs" value="C:\Program Files\Java\jdk1.8.0_172\jre\lib\endorsed"/>
    <property name="java.runtime.name" value="Java(TM) SE Runtime Environment"/>
    <property name="file.encoding" value="GBK"/>
    <property name="java.vm.name" value="Java HotSpot(TM) 64-Bit Server VM"/>
    <property name="localRepository" value="C:\Users\16437\.m2\repository"/>
    <property name="java.vendor.url.bug" value="http://bugreport.sun.com/bugreport/"/>
    <property name="java.io.tmpdir" value="C:\Users\16437\AppData\Local\Temp\"/>
    <property name="java.version" value="1.8.0_172"/>
    <property name="user.dir" value="d:\work\PA\dataflow\sootlearn"/>
    <property name="os.arch" value="amd64"/>
    <property name="java.vm.specification.name" value="Java Virtual Machine Specification"/>
    <property name="java.awt.printerjob" value="sun.awt.windows.WPrinterJob"/>
    <property name="sun.os.patch.level" value=""/>
    <property name="java.library.path" value="C:\Program Files\Java\jdk1.8.0_172\jre\bin;C:\Windows\Sun\Java\bin;C:\Windows\system32;C:\Windows;C:\Program Files (x86)\Common Files\Oracle\Java\javapath;C:\Windows\system32;C:\Windows;C:\Windows\System32\Wbem;C:\Windows\System32\WindowsPowerShell\v1.0\;C:\Windows\System32\OpenSSH\;D:\apps\Git\cmd;C:\Program Files\Docker\Docker\resources\bin;D:\apps\putty\;D:\apps\mingw\bin;D:\apps\matlab2022a\runtime\win64;D:\apps\matlab2022a\bin;C:\Program Files\Java\jdk1.8.0_172\bin;C:\Program Files\Java\jdk1.8.0_172\jre\bin;D:\apps\scala3-3.2.2\bin;D:\apps\Graphviz\bin;D:\apps\sbt\bin;D:\apps\scala2.13\bin;%MVN_HOME%\bin;D:\dev\ninja-win;D:\dev\LLVM\bin;D:\dev\LLVM\lib;D:\apps\python3.8.5\Scripts\;D:\apps\python3.8.5\;C:\Users\16437\AppData\Local\Microsoft\WindowsApps;;D:\apps\Microsoft VS Code\bin;D:\apps\cmake\bin;."/>
    <property name="java.vm.info" value="mixed mode"/>
    <property name="java.vendor" value="Oracle Corporation"/>
    <property name="java.vm.version" value="25.172-b11"/>
    <property name="java.ext.dirs" value="C:\Program Files\Java\jdk1.8.0_172\jre\lib\ext;C:\Windows\Sun\Java\lib\ext"/>
    <property name="sun.io.unicode.encoding" value="UnicodeLittle"/>
    <property name="java.class.version" value="52.0"/>
  </properties>
  <testcase name="shouldAnswerWithTrue" classname="com.phy.AppTest" time="0.001"/>
</testsuite>